<?xml version="1.0" encoding="utf-8"?><testsuites name="pytest tests"><testsuite name="pytest" errors="0" failures="0" skipped="0" tests="18" time="1.685" timestamp="2026-07-16T16:59:38.639223+00:00" hostname="agent-env-407dfaf6-566f-4e1b-a456-18337e4bddb2"><testcase classname="tests.backend_test.TestServiceRequests" name="test_create_request" time="0.338" /><testcase classname="tests.backend_test.TestCategoryCRUD" name="test_create_category_requires_admin" time="0.273" /><testcase classname="tests.backend_test.TestCategoryCRUD" name="test_create_category" time="0.265" /><testcase classname="tests.backend_test.TestServiceRequests" name="test_requests_requires_admin" time="0.058" /><testcase classname="tests.backend_test.TestServiceRequests" name="test_update_request_status" time="0.134" /><testcase classname="tests.backend_test.TestServiceRequests" name="test_update_status_requires_admin" time="0.048" /><testcase classname="tests.backend_test.TestCategoryCRUD" name="test_update_category" time="0.103" /><testcase classname="tests.backend_test.TestServiceRequests" name="test_delete_request" time="0.104" /><testcase classname="tests.backend_test.TestCategoryCRUD" name="test_update_category_requires_admin" time="0.098" /><testcase classname="tests.backend_test.TestServiceRequests" name="test_delete_missing_request_404" time="0.043" /><testcase classname="tests.backend_test.TestPublic" name="test_root" time="0.132" /><testcase classname="tests.backend_test.TestCategoryCRUD" name="test_delete_category_requires_admin" time="0.043" /><testcase classname="tests.backend_test.TestCategoryCRUD" name="test_delete_category" time="0.120" /><testcase classname="tests.backend_test.TestPublic" name="test_config" time="0.089" /><testcase classname="tests.backend_test.TestCategoryCRUD" name="test_update_missing_category_404" time="0.060" /><testcase classname="tests.backend_test.TestPublic" name="test_categories_seeded" time="0.058" /><testcase classname="tests.backend_test.TestAdminAuth" name="test_login_success" time="0.136" /><testcase classname="tests.backend_test.TestAdminAuth" name="test_login_wrong" time="0.049" /></testsuite></testsuites>